<?xml version="1.0" encoding="UTF-8"?>
<testsuite name="tests.unit.test_config.Config_profileUpgradeSteps_upgradeConfigFrom_8_to_9_tetherTo-20260607213444" tests="5" file="tests/unit/test_config.py" time="0.001" timestamp="2026-06-07T21:34:44" failures="0" errors="0" skipped="0">
	<testcase classname="tests.unit.test_config.Config_profileUpgradeSteps_upgradeConfigFrom_8_to_9_tetherTo" name="test_DefaultProfile_TetherToFocus" time="0.000" timestamp="2026-06-07T21:34:44" file="..\tests\unit\test_config.py" line="662">
		<!--Braille Tether Braille option set on Focus in default profile.-->
	</testcase>
	<testcase classname="tests.unit.test_config.Config_profileUpgradeSteps_upgradeConfigFrom_8_to_9_tetherTo" name="test_DefaultProfile_TetherToRestoreAuto" time="0.000" timestamp="2026-06-07T21:34:44" file="..\tests\unit\test_config.py" line="687">
		<!--Braille Tether Braille option explicitely restored on Automatic in default profile,
after having been set on Review.-->
	</testcase>
	<testcase classname="tests.unit.test_config.Config_profileUpgradeSteps_upgradeConfigFrom_8_to_9_tetherTo" name="test_DefaultProfile_TetherToReview" time="0.000" timestamp="2026-06-07T21:34:44" file="..\tests\unit\test_config.py" line="674">
		<!--Braille Tether Braille option set on Review in default profile.-->
	</testcase>
	<testcase classname="tests.unit.test_config.Config_profileUpgradeSteps_upgradeConfigFrom_8_to_9_tetherTo" name="test_DefaultProfile_Unmodified" time="0.000" timestamp="2026-06-07T21:34:44" file="..\tests\unit\test_config.py" line="651">
		<!--Braille Tether Braille option not modified in default profile.-->
	</testcase>
	<testcase classname="tests.unit.test_config.Config_profileUpgradeSteps_upgradeConfigFrom_8_to_9_tetherTo" name="test_ManualProfile_TetherToReview" time="0.000" timestamp="2026-06-07T21:34:44" file="..\tests\unit\test_config.py" line="701">
		<!--Braille Tether Braille option set on:
- Review in manually activated profile
- Focus in default profile
when manually activated profile is activated on top of default profile.
Thus the configuration for manually activated profile only specifies tetherTo key
since autoTether is the same as default profile.
-->
	</testcase>
</testsuite>
