<?xml version="1.0" encoding="UTF-8"?>
<testsuite name="tests.unit.test_speechManager.CancellableSpeechTests-20260607213444" tests="6" file="tests/unit/test_speechManager.py" time="0.013" timestamp="2026-06-07T21:34:44" failures="0" errors="0" skipped="0">
	<testcase classname="tests.unit.test_speechManager.CancellableSpeechTests" name="test_invalidSpeechNotSpoken" time="0.001" timestamp="2026-06-07T21:34:44" file="..\tests\unit\test_speechManager\__init__.py" line="200">
		<!--Ensure that invalid speech is not sent to the synth-->
	</testcase>
	<testcase classname="tests.unit.test_speechManager.CancellableSpeechTests" name="test_invalidated_indexHit" time="0.006" timestamp="2026-06-07T21:34:44" file="..\tests\unit\test_speechManager\__init__.py" line="208">
		<!--Hitting an index should cause a cancellation of speech that has become
invalid after being sent to the synth.
For particularly long utterances with many indexes, the speech can be
stopped sooner.
-->
	</testcase>
	<testcase classname="tests.unit.test_speechManager.CancellableSpeechTests" name="test_invalidated_newSpeech" time="0.003" timestamp="2026-06-07T21:34:44" file="..\tests\unit\test_speechManager\__init__.py" line="239">
		<!--New speech should cause a cancellation of speech that has become
invalid after being sent to the synth.
Ensure that new speech can be started as soon as possible to reduce
the stammering of the synth.
-->
	</testcase>
	<testcase classname="tests.unit.test_speechManager.CancellableSpeechTests" name="test_invalidated_newSpeechWithCancellable" time="0.001" timestamp="2026-06-07T21:34:44" file="..\tests\unit\test_speechManager\__init__.py" line="275">
		<!--New speech that contains a cancellableSpeechCommand should cause a
cancellation of speech that has become invalid after being sent to the
synth.
Similar to test_invalidated_newSpeech, but ensure that the
cancellableSpeechCommand does not affect the behaviour.
-->
	</testcase>
	<testcase classname="tests.unit.test_speechManager.CancellableSpeechTests" name="test_validSpeechAfterInvalid" time="0.001" timestamp="2026-06-07T21:34:44" file="..\tests\unit\test_speechManager\__init__.py" line="314">
		<!--Tests that calling speak with invalid speech will not lock up the SpeechManager.
Under certain circumstances this resulted in NVDA going silent when more speech was in the queue.
-->
	</testcase>
	<testcase classname="tests.unit.test_speechManager.CancellableSpeechTests" name="test_validSpeechSpoken" time="0.001" timestamp="2026-06-07T21:34:44" file="..\tests\unit\test_speechManager\__init__.py" line="191">
		<!--Tests the outcome when speech stays valid. It should not be cancelled.-->
	</testcase>
</testsuite>
