<?xml version="1.0" encoding="UTF-8"?>
<testsuite name="tests.unit.test_config.Config_AggregatedSection_setitem-20260607213444" tests="2" file="tests/unit/test_config.py" time="0.025" timestamp="2026-06-07T21:34:44" failures="0" errors="0" skipped="0">
	<testcase classname="tests.unit.test_config.Config_AggregatedSection_setitem" name="test_update_FeatureFlag_defaultValue_fromValueOfDefault" time="0.013" timestamp="2026-06-07T21:34:44" file="..\tests\unit\test_config.py" line="890">
		<!--
Documents bug raised in #14133,
where the config did not update when changing from the value of the default to the default value
-->
	</testcase>
	<testcase classname="tests.unit.test_config.Config_AggregatedSection_setitem" name="test_update_str" time="0.012" timestamp="2026-06-07T21:34:44" file="..\tests\unit\test_config.py" line="885"/>
</testsuite>
