<?xml version="1.0" encoding="UTF-8"?>
<testsuite name="tests.unit.test_config.Config_profileUpgradeSteps_upgradeConfigFrom_9_to_10-20260607213444" tests="4" file="tests/unit/test_config.py" time="0.001" timestamp="2026-06-07T21:34:44" failures="0" errors="0" skipped="0">
	<testcase classname="tests.unit.test_config.Config_profileUpgradeSteps_upgradeConfigFrom_9_to_10" name="test_DefaultProfile_Unmodified" time="0.000" timestamp="2026-06-07T21:34:44" file="..\tests\unit\test_config.py" line="730">
		<!--Keyboard settings, NVDA Modifiers Keys option not modified in default profile.-->
	</testcase>
	<testcase classname="tests.unit.test_config.Config_profileUpgradeSteps_upgradeConfigFrom_9_to_10" name="test_DefaultProfile_setCapsLockTrue" time="0.000" timestamp="2026-06-07T21:34:44" file="..\tests\unit\test_config.py" line="740">
		<!--Keyboard settings, Caps Lock enabled as NVDA Modifier key in default profile; other keys remain enabled
(default).
-->
	</testcase>
	<testcase classname="tests.unit.test_config.Config_profileUpgradeSteps_upgradeConfigFrom_9_to_10" name="test_DefaultProfile_setCapsLockTrueOtherFalse" time="0.000" timestamp="2026-06-07T21:34:44" file="..\tests\unit\test_config.py" line="757">
		<!--Keyboard settings, Caps Lock enabled as NVDA Modifier key in default profile; other keys disabled.-->
	</testcase>
	<testcase classname="tests.unit.test_config.Config_profileUpgradeSteps_upgradeConfigFrom_9_to_10" name="test_ManualProfile_setNumpadInsertFalseExtendedInsertFalse" time="0.000" timestamp="2026-06-07T21:34:44" file="..\tests\unit\test_config.py" line="774">
		<!--Keyboard settings, NVDA Modifier keys option set on:
- numpad insert and extended insert explicitely disabled in the manual profile, while caps lock was still
enabled in default profile
- caps lock explicitely disabled in the default profile afterwards

Thus the configuration for manually activated profile only explicitely disables numpad insert and
extended insert since caps lock enabled was inherited from default profile.

See issue #14527 for full description.
-->
	</testcase>
</testsuite>
