<?xml version="1.0" encoding="UTF-8"?>
<testsuite name="tests.unit.test_config.Config_FeatureFlag_specTransform-20260607213444" tests="9" file="tests/unit/test_config.py" time="0.001" timestamp="2026-06-07T21:34:44" failures="0" errors="0" skipped="0">
	<testcase classname="tests.unit.test_config.Config_FeatureFlag_specTransform" name="test_argsMissingIsError" time="0.000" timestamp="2026-06-07T21:34:44" file="..\tests\unit\test_config.py" line="124"/>
	<testcase classname="tests.unit.test_config.Config_FeatureFlag_specTransform" name="test_behaviorOfDefaultGetsKept" time="0.000" timestamp="2026-06-07T21:34:44" file="..\tests\unit\test_config.py" line="91"/>
	<testcase classname="tests.unit.test_config.Config_FeatureFlag_specTransform" name="test_behaviorOfDefaultMissingIsError" time="0.000" timestamp="2026-06-07T21:34:44" file="..\tests\unit\test_config.py" line="110"/>
	<testcase classname="tests.unit.test_config.Config_FeatureFlag_specTransform" name="test_behaviorOfDefaultTypeMustBeStr" time="0.000" timestamp="2026-06-07T21:34:44" file="..\tests\unit\test_config.py" line="130"/>
	<testcase classname="tests.unit.test_config.Config_FeatureFlag_specTransform" name="test_defaultGetsAdded" time="0.000" timestamp="2026-06-07T21:34:44" file="..\tests\unit\test_config.py" line="80"/>
	<testcase classname="tests.unit.test_config.Config_FeatureFlag_specTransform" name="test_optionsEnumMissingIsError" time="0.000" timestamp="2026-06-07T21:34:44" file="..\tests\unit\test_config.py" line="117"/>
	<testcase classname="tests.unit.test_config.Config_FeatureFlag_specTransform" name="test_optionsEnumMustBeKnown" time="0.000" timestamp="2026-06-07T21:34:44" file="..\tests\unit\test_config.py" line="147"/>
	<testcase classname="tests.unit.test_config.Config_FeatureFlag_specTransform" name="test_paramDefaultIsError" time="0.000" timestamp="2026-06-07T21:34:44" file="..\tests\unit\test_config.py" line="101"/>
	<testcase classname="tests.unit.test_config.Config_FeatureFlag_specTransform" name="test_tooManyParamsIsError" time="0.000" timestamp="2026-06-07T21:34:44" file="..\tests\unit\test_config.py" line="138"/>
</testsuite>
