<?xml version="1.0" encoding="UTF-8"?>
<testsuite name="tests.unit.test_config.Config_FeatureFlag_with_BoolFlag-20260607213444" tests="7" file="tests/unit/test_config.py" time="0.001" timestamp="2026-06-07T21:34:44" failures="0" errors="0" skipped="0">
	<testcase classname="tests.unit.test_config.Config_FeatureFlag_with_BoolFlag" name="test_DefaultBehaviorOfDefault_Raises" time="0.000" timestamp="2026-06-07T21:34:44" file="..\tests\unit\test_config.py" line="339"/>
	<testcase classname="tests.unit.test_config.Config_FeatureFlag_with_BoolFlag" name="test_Default_DisabledByDefault" time="0.000" timestamp="2026-06-07T21:34:44" file="..\tests\unit\test_config.py" line="332"/>
	<testcase classname="tests.unit.test_config.Config_FeatureFlag_with_BoolFlag" name="test_Default_EnabledByDefault" time="0.000" timestamp="2026-06-07T21:34:44" file="..\tests\unit\test_config.py" line="325"/>
	<testcase classname="tests.unit.test_config.Config_FeatureFlag_with_BoolFlag" name="test_Disabled_DisabledByDefault" time="0.000" timestamp="2026-06-07T21:34:44" file="..\tests\unit\test_config.py" line="311"/>
	<testcase classname="tests.unit.test_config.Config_FeatureFlag_with_BoolFlag" name="test_Disabled_EnabledByDefault" time="0.000" timestamp="2026-06-07T21:34:44" file="..\tests\unit\test_config.py" line="318"/>
	<testcase classname="tests.unit.test_config.Config_FeatureFlag_with_BoolFlag" name="test_Enabled_DisabledByDefault" time="0.000" timestamp="2026-06-07T21:34:44" file="..\tests\unit\test_config.py" line="297"/>
	<testcase classname="tests.unit.test_config.Config_FeatureFlag_with_BoolFlag" name="test_Enabled_EnabledByDefault" time="0.000" timestamp="2026-06-07T21:34:44" file="..\tests\unit\test_config.py" line="304"/>
</testsuite>
