<?xml version="1.0" encoding="UTF-8"?>
<testsuite name="tests.unit.test_config.Config_upgradeProfileSteps_upgradeProfileFrom_18_to_19-20260607213444" tests="4" file="tests/unit/test_config.py" time="0.001" timestamp="2026-06-07T21:34:44" failures="0" errors="0" skipped="0">
	<testcase classname="tests.unit.test_config.Config_upgradeProfileSteps_upgradeProfileFrom_18_to_19" name="test_DefaultProfile_Unmodified" time="0.000" timestamp="2026-06-07T21:34:44" file="..\tests\unit\test_config.py" line="1173">
		<!--reportSpellingErrors unmodified.-->
	</testcase>
	<testcase classname="tests.unit.test_config.Config_upgradeProfileSteps_upgradeProfileFrom_18_to_19" name="test_defaultProfile_reportSpellingErrors_false" time="0.000" timestamp="2026-06-07T21:34:44" file="..\tests\unit\test_config.py" line="1183">
		<!--reportSpellingErrors set to False.-->
	</testcase>
	<testcase classname="tests.unit.test_config.Config_upgradeProfileSteps_upgradeProfileFrom_18_to_19" name="test_defaultProfile_reportSpellingErrors_invalid" time="0.000" timestamp="2026-06-07T21:34:44" file="..\tests\unit\test_config.py" line="1213">
		<!--reportSpellingErrors set to a non-boolean value.-->
	</testcase>
	<testcase classname="tests.unit.test_config.Config_upgradeProfileSteps_upgradeProfileFrom_18_to_19" name="test_defaultProfile_reportSpellingErrors_true" time="0.000" timestamp="2026-06-07T21:34:44" file="..\tests\unit\test_config.py" line="1198">
		<!--reportSpellingErrors set to True.-->
	</testcase>
</testsuite>
