<?xml version="1.0" encoding="UTF-8"?>
<testsuite name="tests.unit.test_speechManager.TestExpectedClasses-20260607213444" tests="2" file="tests/unit/test_speechManager.py" time="0.000" timestamp="2026-06-07T21:34:44" failures="0" errors="0" skipped="0">
	<testcase classname="tests.unit.test_speechManager.TestExpectedClasses" name="test_expectedProsodyEqualsMatching" time="0.000" timestamp="2026-06-07T21:34:44" file="..\tests\unit\test_speechManager\__init__.py" line="148"/>
	<testcase classname="tests.unit.test_speechManager.TestExpectedClasses" name="test_expectedProsodyNotMatching" time="0.000" timestamp="2026-06-07T21:34:44" file="..\tests\unit\test_speechManager\__init__.py" line="153"/>
</testsuite>
