<?xml version="1.0" encoding="UTF-8"?>
<testsuite name="tests.unit.test_config.Config_upgradeProfileSteps_upgradeProfileFrom_11_to_12-20260607213444" tests="4" file="tests/unit/test_config.py" time="0.001" timestamp="2026-06-07T21:34:44" failures="0" errors="0" skipped="0">
	<testcase classname="tests.unit.test_config.Config_upgradeProfileSteps_upgradeProfileFrom_11_to_12" name="test_DefaultProfile_Unmodified" time="0.000" timestamp="2026-06-07T21:34:44" file="..\tests\unit\test_config.py" line="804">
		<!--reportFontAttributes unmodified.-->
	</testcase>
	<testcase classname="tests.unit.test_config.Config_upgradeProfileSteps_upgradeProfileFrom_11_to_12" name="test_defaultProfile_reportFontAttributes_false" time="0.000" timestamp="2026-06-07T21:34:44" file="..\tests\unit\test_config.py" line="814">
		<!--reportFontAttributes set to False.-->
	</testcase>
	<testcase classname="tests.unit.test_config.Config_upgradeProfileSteps_upgradeProfileFrom_11_to_12" name="test_defaultProfile_reportFontAttributes_invalid" time="0.000" timestamp="2026-06-07T21:34:44" file="..\tests\unit\test_config.py" line="839">
		<!--reportFontAttributes set to a non-boolean value.-->
	</testcase>
	<testcase classname="tests.unit.test_config.Config_upgradeProfileSteps_upgradeProfileFrom_11_to_12" name="test_defaultProfile_reportFontAttributes_true" time="0.000" timestamp="2026-06-07T21:34:44" file="..\tests\unit\test_config.py" line="825">
		<!--reportFontAttributes set to True.-->
	</testcase>
</testsuite>
