<?xml version="1.0" encoding="UTF-8"?>
<testsuite name="tests.unit.test_config.Config_AggregatedSection_getitem-20260607213444" tests="2" file="tests/unit/test_config.py" time="0.025" timestamp="2026-06-07T21:34:44" failures="0" errors="0" skipped="0">
	<testcase classname="tests.unit.test_config.Config_AggregatedSection_getitem" name="test_KeyError" time="0.014" timestamp="2026-06-07T21:34:44" file="..\tests\unit\test_config.py" line="867"/>
	<testcase classname="tests.unit.test_config.Config_AggregatedSection_getitem" name="test_cached" time="0.011" timestamp="2026-06-07T21:34:44" file="..\tests\unit\test_config.py" line="863"/>
</testsuite>
