<?xml version="1.0" encoding="UTF-8"?>
<testsuite name="tests.unit.test_config.Config_FeatureFlag_validateFeatureFlag-20260607213444" tests="9" file="tests/unit/test_config.py" time="0.001" timestamp="2026-06-07T21:34:44" failures="0" errors="0" skipped="0">
	<testcase classname="tests.unit.test_config.Config_FeatureFlag_validateFeatureFlag" name="test_None_raises" time="0.000" timestamp="2026-06-07T21:34:44" file="..\tests\unit\test_config.py" line="279"/>
	<testcase classname="tests.unit.test_config.Config_FeatureFlag_validateFeatureFlag" name="test_default_lower" time="0.000" timestamp="2026-06-07T21:34:44" file="..\tests\unit\test_config.py" line="243"/>
	<testcase classname="tests.unit.test_config.Config_FeatureFlag_validateFeatureFlag" name="test_default_upper" time="0.000" timestamp="2026-06-07T21:34:44" file="..\tests\unit\test_config.py" line="257"/>
	<testcase classname="tests.unit.test_config.Config_FeatureFlag_validateFeatureFlag" name="test_disabled_lower" time="0.000" timestamp="2026-06-07T21:34:44" file="..\tests\unit\test_config.py" line="215"/>
	<testcase classname="tests.unit.test_config.Config_FeatureFlag_validateFeatureFlag" name="test_disabled_upper" time="0.000" timestamp="2026-06-07T21:34:44" file="..\tests\unit\test_config.py" line="229"/>
	<testcase classname="tests.unit.test_config.Config_FeatureFlag_validateFeatureFlag" name="test_empty_raises" time="0.000" timestamp="2026-06-07T21:34:44" file="..\tests\unit\test_config.py" line="271"/>
	<testcase classname="tests.unit.test_config.Config_FeatureFlag_validateFeatureFlag" name="test_enabled_lower" time="0.000" timestamp="2026-06-07T21:34:44" file="..\tests\unit\test_config.py" line="187"/>
	<testcase classname="tests.unit.test_config.Config_FeatureFlag_validateFeatureFlag" name="test_enabled_upper" time="0.000" timestamp="2026-06-07T21:34:44" file="..\tests\unit\test_config.py" line="201"/>
	<testcase classname="tests.unit.test_config.Config_FeatureFlag_validateFeatureFlag" name="test_invalid_raises" time="0.000" timestamp="2026-06-07T21:34:44" file="..\tests\unit\test_config.py" line="287"/>
</testsuite>
