<?xml version="1.0" encoding="UTF-8"?>
<testsuite name="tests.unit.test_speechManager.SayAllEmulatedTests_withCancellableSpeechEnabled-20260607213444" tests="4" file="tests/unit/test_speechManager.py" time="0.041" timestamp="2026-06-07T21:34:44" failures="0" errors="0" skipped="0">
	<testcase classname="tests.unit.test_speechManager.SayAllEmulatedTests_withCancellableSpeechEnabled" name="test_moreSpeechOnIndexReached" time="0.005" timestamp="2026-06-07T21:34:44" file="..\tests\unit\test_speechManager\__init__.py" line="354"/>
	<testcase classname="tests.unit.test_speechManager.SayAllEmulatedTests_withCancellableSpeechEnabled" name="test_simpleSpeech" time="0.001" timestamp="2026-06-07T21:34:44" file="..\tests\unit\test_speechManager\__init__.py" line="348"/>
	<testcase classname="tests.unit.test_speechManager.SayAllEmulatedTests_withCancellableSpeechEnabled" name="test_speechNotRepeated" time="0.002" timestamp="2026-06-07T21:34:44" file="..\tests\unit\test_speechManager\__init__.py" line="460">
		<!--Minimal test for #11144: Repeated speech during say-all.
Ensure that adding new speech during a callback does not result in double speaking.
-->
	</testcase>
	<testcase classname="tests.unit.test_speechManager.SayAllEmulatedTests_withCancellableSpeechEnabled" name="test_standardSayAll" time="0.033" timestamp="2026-06-07T21:34:44" file="..\tests\unit\test_speechManager\__init__.py" line="366">
		<!--See #11144: Mimic behaviour that caused repeated speech during say-all - Full example.-->
	</testcase>
</testsuite>
