<?xml version="1.0" encoding="UTF-8"?>
<testsuite name="tests.unit.test_config.Config_upgradeProfileSteps_upgradeProfileFrom_13_to_14-20260607213444" tests="3" file="tests/unit/test_config.py" time="0.002" timestamp="2026-06-07T21:34:44" failures="0" errors="0" skipped="0">
	<testcase classname="tests.unit.test_config.Config_upgradeProfileSteps_upgradeProfileFrom_13_to_14" name="test_outputDeviceFound" time="0.001" timestamp="2026-06-07T21:34:44" file="..\tests\unit\test_config.py" line="1030">
		<!--Test that upgrading the profile correctly creates the new key and value.-->
	</testcase>
	<testcase classname="tests.unit.test_config.Config_upgradeProfileSteps_upgradeProfileFrom_13_to_14" name="test_outputDeviceNotFound" time="0.001" timestamp="2026-06-07T21:34:44" file="..\tests\unit\test_config.py" line="1042">
		<!--Test that upgrading the profile with an unidentifiable device doesn't create a new entry.-->
	</testcase>
	<testcase classname="tests.unit.test_config.Config_upgradeProfileSteps_upgradeProfileFrom_13_to_14" name="test_outputDeviceNotSet" time="0.001" timestamp="2026-06-07T21:34:44" file="..\tests\unit\test_config.py" line="1020">
		<!--Test that upgrading with no output device set works.-->
	</testcase>
</testsuite>
