<?xml version="1.0" encoding="UTF-8"?>
<testsuite name="tests.unit.test_config.Config_loadCustomSections-20260607213444" tests="14" file="tests/unit/test_config.py" time="0.019" timestamp="2026-06-07T21:34:44" failures="0" errors="0" skipped="0">
	<testcase classname="tests.unit.test_config.Config_loadCustomSections" name="test_alreadyRegisteredName_skipped" time="0.002" timestamp="2026-06-07T21:34:44" file="..\tests\unit\test_config.py" line="1371">
		<!--Sections whose name already exists in confspec are skipped.-->
	</testcase>
	<testcase classname="tests.unit.test_config.Config_loadCustomSections" name="test_fileNotFound_returnsWithoutAdding" time="0.000" timestamp="2026-06-07T21:34:44" file="..\tests\unit\test_config.py" line="1323">
		<!--FileNotFoundError means nothing is loaded and customSections remains empty.-->
	</testcase>
	<testcase classname="tests.unit.test_config.Config_loadCustomSections" name="test_missingSpec_skipped" time="0.001" timestamp="2026-06-07T21:34:44" file="..\tests\unit\test_config.py" line="1382">
		<!--Entries without a 'spec' key are skipped.-->
	</testcase>
	<testcase classname="tests.unit.test_config.Config_loadCustomSections" name="test_multipleSections_allAdded" time="0.001" timestamp="2026-06-07T21:34:44" file="..\tests\unit\test_config.py" line="1426">
		<!--Multiple valid sections are all added to customSections.-->
	</testcase>
	<testcase classname="tests.unit.test_config.Config_loadCustomSections" name="test_nonDictContent_logsErrorAndReturnsWithoutAdding" time="0.003" timestamp="2026-06-07T21:34:44" file="..\tests\unit\test_config.py" line="1352">
		<!--Non-dict YAML content logs an error and nothing is added.-->
	</testcase>
	<testcase classname="tests.unit.test_config.Config_loadCustomSections" name="test_nonDictEntry_skipped" time="0.001" timestamp="2026-06-07T21:34:44" file="..\tests\unit\test_config.py" line="1388">
		<!--Entries that are not dicts are skipped.-->
	</testcase>
	<testcase classname="tests.unit.test_config.Config_loadCustomSections" name="test_nonDictSpec_skipped" time="0.003" timestamp="2026-06-07T21:34:44" file="..\tests\unit\test_config.py" line="1394">
		<!--Entries whose 'spec' value is not a dict are skipped.-->
	</testcase>
	<testcase classname="tests.unit.test_config.Config_loadCustomSections" name="test_nonStringName_skipped" time="0.001" timestamp="2026-06-07T21:34:44" file="..\tests\unit\test_config.py" line="1361">
		<!--Entries with non-string section names are skipped with a debug warning.-->
	</testcase>
	<testcase classname="tests.unit.test_config.Config_loadCustomSections" name="test_noneContent_returnsWithoutAdding" time="0.001" timestamp="2026-06-07T21:34:44" file="..\tests\unit\test_config.py" line="1347">
		<!--yaml.safe_load returning None means customSections remains empty.-->
	</testcase>
	<testcase classname="tests.unit.test_config.Config_loadCustomSections" name="test_osError_logsAndReturnsWithoutAdding" time="0.000" timestamp="2026-06-07T21:34:44" file="..\tests\unit\test_config.py" line="1329">
		<!--OSError is logged and customSections remains empty.-->
	</testcase>
	<testcase classname="tests.unit.test_config.Config_loadCustomSections" name="test_validSection_addedToCustomSections" time="0.001" timestamp="2026-06-07T21:34:44" file="..\tests\unit\test_config.py" line="1400">
		<!--A valid section is added to customSections with isBaseOnly defaulting to False.-->
	</testcase>
	<testcase classname="tests.unit.test_config.Config_loadCustomSections" name="test_validSection_baseOnly_addedToBaseOnlySections" time="0.001" timestamp="2026-06-07T21:34:44" file="..\tests\unit\test_config.py" line="1409">
		<!--A valid isBaseOnly section is added to ConfigManager.BASE_ONLY_SECTIONS.-->
	</testcase>
	<testcase classname="tests.unit.test_config.Config_loadCustomSections" name="test_validSection_notBaseOnly_notInBaseOnlySections" time="0.001" timestamp="2026-06-07T21:34:44" file="..\tests\unit\test_config.py" line="1418">
		<!--A valid section with isBaseOnly=False is not added to ConfigManager.BASE_ONLY_SECTIONS.-->
	</testcase>
	<testcase classname="tests.unit.test_config.Config_loadCustomSections" name="test_yamlError_logsAndReturnsWithoutAdding" time="0.001" timestamp="2026-06-07T21:34:44" file="..\tests\unit\test_config.py" line="1337">
		<!--yaml.YAMLError is logged and customSections remains empty.-->
	</testcase>
</testsuite>
